

Microchip MPLAB XC8 Assembler V2.41 build 20230208172133 
                                                                                               Sun Sep 24 13:37:04 2023

Microchip MPLAB XC8 C Compiler v2.41 (Free license) build 20230208172133 Og1 
     1                           	processor	16F84A
     2                           	pagewidth 120
     3                           	opt	flic
     4                           	psect	cinit,global,class=CODE,merge=1,delta=2
     5                           	psect	bssBANK0,global,class=BANK0,space=1,delta=1,noexec
     6                           	psect	cstackCOMMON,global,class=COMMON,space=1,delta=1,noexec
     7                           	psect	cstackBANK0,global,class=BANK0,space=1,delta=1,noexec
     8                           	psect	maintext,global,class=CODE,split=1,delta=2
     9                           	psect	text1,local,class=CODE,merge=1,delta=2
    10                           	psect	intentry,global,class=CODE,delta=2
    11                           	psect	idloc,global,abs,ovrld,class=IDLOC,space=5,delta=2,noexec
    12                           	psect	config,global,abs,ovrld,class=CONFIG,space=4,delta=2,noexec
    13                           	dabs	1,0x4E,2
    14     0000                     
    15                           ; Version 2.40
    16                           ; Generated 17/11/2021 GMT
    17                           ; 
    18                           ; Copyright © 2021, Microchip Technology Inc. and its subsidiaries ("Microchip")
    19                           ; All rights reserved.
    20                           ; 
    21                           ; This software is developed by Microchip Technology Inc. and its subsidiaries ("Microch
      +                          ip").
    22                           ; 
    23                           ; Redistribution and use in source and binary forms, with or without modification, are
    24                           ; permitted provided that the following conditions are met:
    25                           ; 
    26                           ;     1. Redistributions of source code must retain the above copyright notice, this lis
      +                          t of
    27                           ;        conditions and the following disclaimer.
    28                           ; 
    29                           ;     2. Redistributions in binary form must reproduce the above copyright notice, this 
      +                          list
    30                           ;        of conditions and the following disclaimer in the documentation and/or other
    31                           ;        materials provided with the distribution. Publication is not required when
    32                           ;        this file is used in an embedded application.
    33                           ; 
    34                           ;     3. Microchip's name may not be used to endorse or promote products derived from th
      +                          is
    35                           ;        software without specific prior written permission.
    36                           ; 
    37                           ; THIS SOFTWARE IS PROVIDED BY MICROCHIP "AS IS" AND ANY EXPRESS OR IMPLIED WARRANTIES,
    38                           ; INCLUDING, BUT NOT LIMITED TO, THE IMPLIED WARRANTIES OF MERCHANTABILITY AND FITNESS F
      +                          OR
    39                           ; PURPOSE ARE DISCLAIMED.  IN NO EVENT SHALL MICROCHIP BE LIABLE FOR ANY DIRECT, INDIREC
      +                          T,
    40                           ; INCIDENTAL, SPECIAL, EXEMPLARY, OR CONSEQUENTIAL DAMAGES (INCLUDING BUT NOT LIMITED TO
    41                           ; PROCUREMENT OF SUBSTITUTE GOODS OR SERVICES; LOSS OF USE, DATA OR PROFITS; OR BUSINESS
    42                           ; INTERRUPTION) HOWSOEVER CAUSED AND ON ANY THEORY OF LIABILITY, WHETHER IN CONTRACT, ST
      +                          RICT
    43                           ; LIABILITY, OR TORT (INCLUDING NEGLIGENCE OR OTHERWISE) ARISING IN ANY WAY OUT OF THE U
      +                          SE OF
    44                           ; THIS SOFTWARE, EVEN IF ADVISED OF THE POSSIBILITY OF SUCH DAMAGE.
    45                           ; 
    46                           ; 
    47                           ; Code-generator required, PIC16F84A Definitions
    48                           ; 
    49                           ; SFR Addresses
    50     0000                     	;# 
    51     0001                     	;# 
    52     0002                     	;# 
    53     0003                     	;# 
    54     0004                     	;# 
    55     0005                     	;# 
    56     0006                     	;# 
    57     0008                     	;# 
    58     0009                     	;# 
    59     000A                     	;# 
    60     000B                     	;# 
    61     0081                     	;# 
    62     0085                     	;# 
    63     0086                     	;# 
    64     0088                     	;# 
    65     0089                     	;# 
    66     0000                     	;# 
    67     0001                     	;# 
    68     0002                     	;# 
    69     0003                     	;# 
    70     0004                     	;# 
    71     0005                     	;# 
    72     0006                     	;# 
    73     0008                     	;# 
    74     0009                     	;# 
    75     000A                     	;# 
    76     000B                     	;# 
    77     0081                     	;# 
    78     0085                     	;# 
    79     0086                     	;# 
    80     0088                     	;# 
    81     0089                     	;# 
    82     0006                     _PORTB	set	6
    83     0001                     _TMR0	set	1
    84     005D                     _T0IE	set	93
    85     005F                     _GIE	set	95
    86     0030                     _RB0	set	48
    87     005A                     _T0IF	set	90
    88     0086                     _TRISB	set	134
    89     0081                     _OPTION_REG	set	129
    90                           
    91                           	psect	cinit
    92     000C                     start_initialization:	
    93                           ; #config settings
    94                           
    95     000C                     __initialization:
    96                           
    97                           ; Clear objects allocated to BANK0
    98     000C  1283               	bcf	3,5	;RP0=0, select bank0
    99     000D  018C               	clrf	__pbssBANK0& (0+127)
   100     000E  018D               	clrf	(__pbssBANK0+1)& (0+127)
   101     000F                     end_of_initialization:	
   102                           ;End of C runtime variable initialization code
   103                           
   104     000F                     __end_of__initialization:
   105     000F  0183               	clrf	3
   106     0010  2830               	ljmp	_main	;jump to C main() function
   107                           
   108                           	psect	bssBANK0
   109     000C                     __pbssBANK0:
   110     000C                     _sayac:
   111     000C                     	ds	2
   112                           
   113                           	psect	cstackCOMMON
   114     0000                     __pcstackCOMMON:
   115     0000                     ??_main:
   116                           
   117                           	psect	cstackBANK0
   118     000E                     __pcstackBANK0:	
   119                           ; 1 bytes @ 0x0
   120                           
   121     000E                     ?_KESME:
   122     000E                     ??_KESME:	
   123                           ; 1 bytes @ 0x0
   124                           
   125     000E                     ?_main:	
   126                           ; 1 bytes @ 0x0
   127                           
   128                           
   129                           ; 1 bytes @ 0x0
   130     000E                     	ds	2
   131                           
   132                           	psect	maintext
   133     0030                     __pmaintext:	
   134 ;;
   135 ;;Main: autosize = 0, tempsize = 0, incstack = 0, save=0
   136 ;;
   137 ;; *************** function _main *****************
   138 ;; Defined at:
   139 ;;		line 35 in file "TIMER0_KES.c"
   140 ;; Parameters:    Size  Location     Type
   141 ;;		None
   142 ;; Auto vars:     Size  Location     Type
   143 ;;		None
   144 ;; Return value:  Size  Location     Type
   145 ;;                  1    wreg      void 
   146 ;; Registers used:
   147 ;;		wreg, status,2
   148 ;; Tracked objects:
   149 ;;		On entry : B00/0
   150 ;;		On exit  : 0/0
   151 ;;		Unchanged: 0/0
   152 ;; Data sizes:     COMMON   BANK0
   153 ;;      Params:         0       0
   154 ;;      Locals:         0       0
   155 ;;      Temps:          0       0
   156 ;;      Totals:         0       0
   157 ;;Total ram usage:        0 bytes
   158 ;; Hardware stack levels required when called: 1
   159 ;; This function calls:
   160 ;;		Nothing
   161 ;; This function is called by:
   162 ;;		Startup code after reset
   163 ;; This function uses a non-reentrant model
   164 ;;
   165                           
   166     0030                     _main:	
   167                           ;psect for function _main
   168                           
   169     0030                     l661:	
   170                           ;incstack = 0
   171                           ; Regs used in _main: [wreg+status,2]
   172                           
   173     0030  178B               	bsf	11,7	;volatile
   174     0031  168B               	bsf	11,5	;volatile
   175     0032                     l663:
   176     0032  3007               	movlw	7
   177     0033  1683               	bsf	3,5	;RP0=1, select bank1
   178     0034  0081               	movwf	1	;volatile
   179     0035                     l665:
   180     0035  0186               	clrf	6	;volatile
   181     0036                     l667:
   182     0036  303D               	movlw	61
   183     0037  1283               	bcf	3,5	;RP0=0, select bank0
   184     0038  0081               	movwf	1	;volatile
   185     0039  018C               	clrf	_sayac
   186     003A  018D               	clrf	_sayac+1
   187     003B  0186               	clrf	6	;volatile
   188     003C                     l30:
   189     003C                     l31:
   190     003C  283C               	goto	l30
   191     003D  280B               	ljmp	start
   192     003E                     __end_of_main:
   193                           
   194                           	psect	text1
   195     0011                     __ptext1:	
   196 ;; *************** function _KESME *****************
   197 ;; Defined at:
   198 ;;		line 20 in file "TIMER0_KES.c"
   199 ;; Parameters:    Size  Location     Type
   200 ;;		None
   201 ;; Auto vars:     Size  Location     Type
   202 ;;		None
   203 ;; Return value:  Size  Location     Type
   204 ;;                  1    wreg      void 
   205 ;; Registers used:
   206 ;;		wreg, status,2, status,0
   207 ;; Tracked objects:
   208 ;;		On entry : 0/0
   209 ;;		On exit  : 0/0
   210 ;;		Unchanged: 0/0
   211 ;; Data sizes:     COMMON   BANK0
   212 ;;      Params:         0       0
   213 ;;      Locals:         0       0
   214 ;;      Temps:          0       2
   215 ;;      Totals:         0       2
   216 ;;Total ram usage:        2 bytes
   217 ;; Hardware stack levels used: 1
   218 ;; This function calls:
   219 ;;		Nothing
   220 ;; This function is called by:
   221 ;;		Interrupt level 1
   222 ;; This function uses a non-reentrant model
   223 ;;
   224                           
   225     0011                     _KESME:	
   226                           ;psect for function _KESME
   227                           
   228     0011                     i1l647:
   229                           
   230                           ;TIMER0_KES.c: 22:     T0IE=1;
   231     0011  1D0B               	btfss	11,2	;volatile
   232     0012  2814               	goto	u3_21
   233     0013  2815               	goto	u3_20
   234     0014                     u3_21:
   235     0014  2829               	goto	i1l25
   236     0015                     u3_20:
   237     0015                     i1l649:
   238                           
   239                           ;TIMER0_KES.c: 24:     TRISB=0x00;
   240     0015  3001               	movlw	1
   241     0016  078C               	addwf	_sayac,f
   242     0017  1803               	skipnc
   243     0018  0A8D               	incf	_sayac+1,f
   244     0019  3000               	movlw	0
   245     001A  078D               	addwf	_sayac+1,f
   246     001B                     i1l651:
   247                           
   248                           ;TIMER0_KES.c: 25:     TMR0=61;
   249     001B  300A               	movlw	10
   250     001C  060C               	xorwf	_sayac,w
   251     001D  040D               	iorwf	_sayac+1,w
   252     001E  1D03               	btfss	3,2
   253     001F  2821               	goto	u4_21
   254     0020  2822               	goto	u4_20
   255     0021                     u4_21:
   256     0021  2826               	goto	i1l657
   257     0022                     u4_20:
   258     0022                     i1l653:
   259                           
   260                           ;TIMER0_KES.c: 26:     sayac=0;
   261     0022  018C               	clrf	_sayac
   262     0023  018D               	clrf	_sayac+1
   263     0024                     i1l655:
   264                           
   265                           ;TIMER0_KES.c: 27:     PORTB=0;
   266     0024  3001               	movlw	1
   267     0025  0686               	xorwf	6,f
   268     0026                     i1l657:
   269                           
   270                           ;TIMER0_KES.c: 29:     while(1){}
   271     0026  303D               	movlw	61
   272     0027  0081               	movwf	1	;volatile
   273     0028                     i1l659:
   274                           
   275                           ;TIMER0_KES.c: 30: 
   276     0028  110B               	bcf	11,2	;volatile
   277     0029                     i1l25:
   278     0029  080F               	movf	??_KESME+1,w
   279     002A  008A               	movwf	10
   280     002B  0E0E               	swapf	??_KESME,w
   281     002C  0083               	movwf	3
   282     002D  0ECE               	swapf	btemp,f
   283     002E  0E4E               	swapf	btemp,w
   284     002F  0009               	retfie
   285     0030                     __end_of_KESME:
   286     004E                     btemp	set	78	;btemp
   287     004E                     wtemp0	set	78
   288                           
   289                           	psect	intentry
   290     0004                     __pintentry:	
   291                           ;incstack = 0
   292                           ; Regs used in _KESME: [wreg+status,2+status,0]
   293                           
   294     0004                     interrupt_function:
   295     004E                     saved_w	set	btemp
   296     0004  00CE               	movwf	btemp
   297     0005  0E03               	swapf	3,w
   298     0006  1283               	bcf	3,5	;RP0=0, select bank0
   299     0007  008E               	movwf	??_KESME
   300     0008  080A               	movf	10,w
   301     0009  008F               	movwf	??_KESME+1
   302     000A  2811               	ljmp	_KESME
   303                           
   304                           	psect	idloc
   305                           
   306                           ;Config register IDLOC0 @ 0x2000
   307                           ;	unspecified, using default values
   308     2000                     	org	8192
   309     2000  3FFF               	dw	16383
   310                           
   311                           ;Config register IDLOC1 @ 0x2001
   312                           ;	unspecified, using default values
   313     2001                     	org	8193
   314     2001  3FFF               	dw	16383
   315                           
   316                           ;Config register IDLOC2 @ 0x2002
   317                           ;	unspecified, using default values
   318     2002                     	org	8194
   319     2002  3FFF               	dw	16383
   320                           
   321                           ;Config register IDLOC3 @ 0x2003
   322                           ;	unspecified, using default values
   323     2003                     	org	8195
   324     2003  3FFF               	dw	16383
   325                           
   326                           	psect	config
   327                           
   328                           ;Config register CONFIG @ 0x2007
   329                           ;	Oscillator Selection bits
   330                           ;	FOSC = XT, XT oscillator
   331                           ;	Watchdog Timer
   332                           ;	WDTE = OFF, WDT disabled
   333                           ;	Power-up Timer Enable bit
   334                           ;	PWRTE = OFF, Power-up Timer is disabled
   335                           ;	Code Protection bit
   336                           ;	CP = OFF, Code protection disabled
   337     2007                     	org	8199
   338     2007  3FF9               	dw	16377

Data Sizes:
    Strings     0
    Constant    0
    Data        0
    BSS         2
    Persistent  0
    Stack       0

Auto Spaces:
    Space          Size  Autos    Used
    COMMON            0      0       0
    BANK0            66      2       4

Pointer List with Targets:

    None.

Critical Paths under _main in COMMON

    None.

Critical Paths under _KESME in COMMON

    None.

Critical Paths under _main in BANK0

    None.

Critical Paths under _KESME in BANK0

    None.

Call Graph Tables:

 ---------------------------------------------------------------------------------
 (Depth) Function   	        Calls       Base Space   Used Autos Params    Refs
 ---------------------------------------------------------------------------------
 (0) _main                                                 0     0      0       0
 ---------------------------------------------------------------------------------
 Estimated maximum stack depth 0
 ---------------------------------------------------------------------------------
 (Depth) Function   	        Calls       Base Space   Used Autos Params    Refs
 ---------------------------------------------------------------------------------
 (1) _KESME                                                2     2      0       0
                                              0 BANK0      2     2      0
 ---------------------------------------------------------------------------------
 Estimated maximum stack depth 1
 ---------------------------------------------------------------------------------

 Call Graph Graphs:

 _main (ROOT)

 _KESME (ROOT)

 Address spaces:
Name               Size   Autos  Total    Cost      Usage
BITCOMMON            0      0       0       0        0.0%
EEDATA              40      0       0       0        0.0%
NULL                 0      0       0       0        0.0%
CODE                 0      0       0       0        0.0%
BITSFR0              0      0       0       1        0.0%
SFR0                 0      0       0       1        0.0%
COMMON               0      0       0       1        0.0%
BITSFR1              0      0       0       2        0.0%
SFR1                 0      0       0       2        0.0%
STACK                0      0       0       2        0.0%
BANK0               42      2       4       3        6.1%
ABS                  0      0       4       4        0.0%
BITBANK0            42      0       0       5        0.0%
DATA                 0      0       4       6        0.0%


Microchip Technology PIC Macro Assembler V2.41 build 20230208172133 
Symbol Table                                                                                   Sun Sep 24 13:37:04 2023

                     l30 003C                       l31 003C                      l661 0030  
                    l663 0032                      l665 0035                      l667 0036  
                    _GIE 005F                      _RB0 0030                     _T0IE 005D  
                   _T0IF 005A                     i1l25 0029                     _TMR0 0001  
                   u3_20 0015                     u3_21 0014                     u4_20 0022  
                   u4_21 0021                     _main 0030                     btemp 004E  
                   start 000B                    ?_main 000E                    _KESME 0011  
                  i1l651 001B                    i1l653 0022                    i1l655 0024  
                  i1l647 0011                    i1l657 0026                    i1l649 0015  
                  i1l659 0028                    _PORTB 0006                    _TRISB 0086  
                  _sayac 000C                    pclath 000A                    status 0003  
                  wtemp0 004E          __initialization 000C             __end_of_main 003E  
                 ??_main 0000                   ?_KESME 000E                   saved_w 004E  
__end_of__initialization 000F            __end_of_KESME 0030           __pcstackCOMMON 0000  
                ??_KESME 000E               __pbssBANK0 000C               __pmaintext 0030  
             __pintentry 0004                  __ptext1 0011     end_of_initialization 000F  
    start_initialization 000C                ___latbits 0000            __pcstackBANK0 000E  
      interrupt_function 0004                 intlevel1 0000               _OPTION_REG 0081  
