

Microchip MPLAB XC8 Assembler V2.41 build 20230208172133 
                                                                                               Sun Sep 24 13:11:21 2023

Microchip MPLAB XC8 C Compiler v2.41 (Free license) build 20230208172133 Og1 
     1                           	processor	16F84A
     2                           	pagewidth 120
     3                           	opt	flic
     4                           	psect	cinit,global,class=CODE,merge=1,delta=2
     5                           	psect	cstackBANK0,global,class=BANK0,space=1,delta=1,noexec
     6                           	psect	maintext,global,class=CODE,split=1,delta=2
     7                           	psect	text1,local,class=CODE,merge=1,delta=2
     8                           	psect	intentry,global,class=CODE,delta=2
     9                           	psect	idloc,global,abs,ovrld,class=IDLOC,space=5,delta=2,noexec
    10                           	psect	config,global,abs,ovrld,class=CONFIG,space=4,delta=2,noexec
    11                           	dabs	1,0x4E,2
    12     0000                     
    13                           ; Version 2.40
    14                           ; Generated 17/11/2021 GMT
    15                           ; 
    16                           ; Copyright © 2021, Microchip Technology Inc. and its subsidiaries ("Microchip")
    17                           ; All rights reserved.
    18                           ; 
    19                           ; This software is developed by Microchip Technology Inc. and its subsidiaries ("Microch
      +                          ip").
    20                           ; 
    21                           ; Redistribution and use in source and binary forms, with or without modification, are
    22                           ; permitted provided that the following conditions are met:
    23                           ; 
    24                           ;     1. Redistributions of source code must retain the above copyright notice, this lis
      +                          t of
    25                           ;        conditions and the following disclaimer.
    26                           ; 
    27                           ;     2. Redistributions in binary form must reproduce the above copyright notice, this 
      +                          list
    28                           ;        of conditions and the following disclaimer in the documentation and/or other
    29                           ;        materials provided with the distribution. Publication is not required when
    30                           ;        this file is used in an embedded application.
    31                           ; 
    32                           ;     3. Microchip's name may not be used to endorse or promote products derived from th
      +                          is
    33                           ;        software without specific prior written permission.
    34                           ; 
    35                           ; THIS SOFTWARE IS PROVIDED BY MICROCHIP "AS IS" AND ANY EXPRESS OR IMPLIED WARRANTIES,
    36                           ; INCLUDING, BUT NOT LIMITED TO, THE IMPLIED WARRANTIES OF MERCHANTABILITY AND FITNESS F
      +                          OR
    37                           ; PURPOSE ARE DISCLAIMED.  IN NO EVENT SHALL MICROCHIP BE LIABLE FOR ANY DIRECT, INDIREC
      +                          T,
    38                           ; INCIDENTAL, SPECIAL, EXEMPLARY, OR CONSEQUENTIAL DAMAGES (INCLUDING BUT NOT LIMITED TO
    39                           ; PROCUREMENT OF SUBSTITUTE GOODS OR SERVICES; LOSS OF USE, DATA OR PROFITS; OR BUSINESS
    40                           ; INTERRUPTION) HOWSOEVER CAUSED AND ON ANY THEORY OF LIABILITY, WHETHER IN CONTRACT, ST
      +                          RICT
    41                           ; LIABILITY, OR TORT (INCLUDING NEGLIGENCE OR OTHERWISE) ARISING IN ANY WAY OUT OF THE U
      +                          SE OF
    42                           ; THIS SOFTWARE, EVEN IF ADVISED OF THE POSSIBILITY OF SUCH DAMAGE.
    43                           ; 
    44                           ; 
    45                           ; Code-generator required, PIC16F84A Definitions
    46                           ; 
    47                           ; SFR Addresses
    48     0000                     	;# 
    49     0001                     	;# 
    50     0002                     	;# 
    51     0003                     	;# 
    52     0004                     	;# 
    53     0005                     	;# 
    54     0006                     	;# 
    55     0008                     	;# 
    56     0009                     	;# 
    57     000A                     	;# 
    58     000B                     	;# 
    59     0081                     	;# 
    60     0085                     	;# 
    61     0086                     	;# 
    62     0088                     	;# 
    63     0089                     	;# 
    64     0000                     	;# 
    65     0001                     	;# 
    66     0002                     	;# 
    67     0003                     	;# 
    68     0004                     	;# 
    69     0005                     	;# 
    70     0006                     	;# 
    71     0008                     	;# 
    72     0009                     	;# 
    73     000A                     	;# 
    74     000B                     	;# 
    75     0081                     	;# 
    76     0085                     	;# 
    77     0086                     	;# 
    78     0088                     	;# 
    79     0089                     	;# 
    80     0005                     _PORTA	set	5
    81     0031                     _RB1	set	49
    82     005B                     _RBIE	set	91
    83     005F                     _GIE	set	95
    84     0028                     _RA0	set	40
    85     0037                     _RB7	set	55
    86     0036                     _RB6	set	54
    87     0035                     _RB5	set	53
    88     0034                     _RB4	set	52
    89     0058                     _RBIF	set	88
    90     0085                     _TRISA	set	133
    91     0086                     _TRISB	set	134
    92                           
    93                           	psect	cinit
    94     000C                     start_initialization:	
    95                           ; #config settings
    96                           
    97     000C                     __initialization:
    98     000C                     end_of_initialization:	
    99                           ;End of C runtime variable initialization code
   100                           
   101     000C                     __end_of__initialization:
   102     000C  0183               	clrf	3
   103     000D  2843               	ljmp	_main	;jump to C main() function
   104                           
   105                           	psect	cstackBANK0
   106     000C                     __pcstackBANK0:
   107     000C                     ?_KESME:
   108     000C                     ??_KESME:	
   109                           ; 1 bytes @ 0x0
   110                           
   111     000C                     ?_main:	
   112                           ; 1 bytes @ 0x0
   113                           
   114                           
   115                           ; 1 bytes @ 0x0
   116     000C                     	ds	5
   117     0011                     ??_main:
   118                           
   119                           ; 1 bytes @ 0x5
   120     0011                     	ds	3
   121                           
   122                           	psect	maintext
   123     0043                     __pmaintext:	
   124 ;;
   125 ;;Main: autosize = 0, tempsize = 3, incstack = 0, save=0
   126 ;;
   127 ;; *************** function _main *****************
   128 ;; Defined at:
   129 ;;		line 28 in file "PORTB_KESME.c"
   130 ;; Parameters:    Size  Location     Type
   131 ;;		None
   132 ;; Auto vars:     Size  Location     Type
   133 ;;		None
   134 ;; Return value:  Size  Location     Type
   135 ;;                  1    wreg      void 
   136 ;; Registers used:
   137 ;;		wreg, status,2
   138 ;; Tracked objects:
   139 ;;		On entry : B00/0
   140 ;;		On exit  : 0/0
   141 ;;		Unchanged: 0/0
   142 ;; Data sizes:     COMMON   BANK0
   143 ;;      Params:         0       0
   144 ;;      Locals:         0       0
   145 ;;      Temps:          0       3
   146 ;;      Totals:         0       3
   147 ;;Total ram usage:        3 bytes
   148 ;; Hardware stack levels required when called: 1
   149 ;; This function calls:
   150 ;;		Nothing
   151 ;; This function is called by:
   152 ;;		Startup code after reset
   153 ;; This function uses a non-reentrant model
   154 ;;
   155                           
   156     0043                     _main:	
   157                           ;psect for function _main
   158                           
   159     0043                     l664:	
   160                           ;incstack = 0
   161                           ; Regs used in _main: [wreg+status,2]
   162                           
   163     0043  178B               	bsf	11,7	;volatile
   164     0044  158B               	bsf	11,3	;volatile
   165     0045                     l666:
   166     0045  30F0               	movlw	240
   167     0046  1683               	bsf	3,5	;RP0=1, select bank1
   168     0047  0086               	movwf	6	;volatile
   169     0048                     l668:
   170     0048  0185               	clrf	5	;volatile
   171     0049                     l670:
   172     0049  1283               	bcf	3,5	;RP0=0, select bank0
   173     004A  0185               	clrf	5	;volatile
   174     004B                     l672:
   175     004B  1283               	bcf	3,5	;RP0=0, select bank0
   176     004C  1086               	bcf	6,1	;volatile
   177     004D  3006               	movlw	6
   178     004E  0093               	movwf	??_main+2
   179     004F  3013               	movlw	19
   180     0050  0092               	movwf	??_main+1
   181     0051  30AD               	movlw	173
   182     0052  0091               	movwf	??_main
   183     0053                     u77:
   184     0053  0B91               	decfsz	??_main,f
   185     0054  2853               	goto	u77
   186     0055  0B92               	decfsz	??_main+1,f
   187     0056  2853               	goto	u77
   188     0057  0B93               	decfsz	??_main+2,f
   189     0058  2853               	goto	u77
   190     0059  285A               	nop2
   191     005A                     l674:
   192     005A  1283               	bcf	3,5	;RP0=0, select bank0
   193     005B  1486               	bsf	6,1	;volatile
   194     005C  3006               	movlw	6
   195     005D  0093               	movwf	??_main+2
   196     005E  3013               	movlw	19
   197     005F  0092               	movwf	??_main+1
   198     0060  30AD               	movlw	173
   199     0061  0091               	movwf	??_main
   200     0062                     u87:
   201     0062  0B91               	decfsz	??_main,f
   202     0063  2862               	goto	u87
   203     0064  0B92               	decfsz	??_main+1,f
   204     0065  2862               	goto	u87
   205     0066  0B93               	decfsz	??_main+2,f
   206     0067  2862               	goto	u87
   207     0068  2869               	nop2
   208     0069  284B               	goto	l672
   209     006A  280B               	ljmp	start
   210     006B                     __end_of_main:
   211                           
   212                           	psect	text1
   213     000E                     __ptext1:	
   214 ;; *************** function _KESME *****************
   215 ;; Defined at:
   216 ;;		line 18 in file "PORTB_KESME.c"
   217 ;; Parameters:    Size  Location     Type
   218 ;;		None
   219 ;; Auto vars:     Size  Location     Type
   220 ;;		None
   221 ;; Return value:  Size  Location     Type
   222 ;;                  1    wreg      void 
   223 ;; Registers used:
   224 ;;		wreg, status,2, status,0
   225 ;; Tracked objects:
   226 ;;		On entry : 0/0
   227 ;;		On exit  : 0/0
   228 ;;		Unchanged: 0/0
   229 ;; Data sizes:     COMMON   BANK0
   230 ;;      Params:         0       0
   231 ;;      Locals:         0       0
   232 ;;      Temps:          0       5
   233 ;;      Totals:         0       5
   234 ;;Total ram usage:        5 bytes
   235 ;; Hardware stack levels used: 1
   236 ;; This function calls:
   237 ;;		Nothing
   238 ;; This function is called by:
   239 ;;		Interrupt level 1
   240 ;; This function uses a non-reentrant model
   241 ;;
   242                           
   243     000E                     _KESME:	
   244                           ;psect for function _KESME
   245                           
   246     000E                     i1l654:
   247                           
   248                           ;PORTB_KESME.c: 19:     while(1)
   249     000E  180B               	btfsc	11,0	;volatile
   250     000F  2811               	goto	u4_21
   251     0010  2813               	goto	u4_20
   252     0011                     u4_21:
   253     0011  3001               	movlw	1
   254     0012  2814               	goto	u4_22
   255     0013                     u4_20:
   256     0013  3000               	movlw	0
   257     0014                     u4_22:
   258     0014  008C               	movwf	??_KESME
   259     0015  3000               	movlw	0
   260     0016  1A06               	btfsc	6,4	;volatile
   261     0017  3801               	iorlw	1
   262     0018  1A86               	btfsc	6,5	;volatile
   263     0019  3801               	iorlw	1
   264     001A  1B06               	btfsc	6,6	;volatile
   265     001B  3801               	iorlw	1
   266     001C  1B86               	btfsc	6,7	;volatile
   267     001D  3801               	iorlw	1
   268     001E  3800               	iorlw	0
   269     001F  1D03               	skipz
   270     0020  2822               	goto	u5_21
   271     0021  2824               	goto	u5_20
   272     0022                     u5_21:
   273     0022  3001               	movlw	1
   274     0023  2825               	goto	u5_22
   275     0024                     u5_20:
   276     0024  3000               	movlw	0
   277     0025                     u5_22:
   278     0025  050C               	andwf	??_KESME,w
   279     0026  3800               	iorlw	0
   280     0027  1903               	skipnz
   281     0028  282A               	goto	u6_21
   282     0029  282B               	goto	u6_20
   283     002A                     u6_21:
   284     002A  2839               	goto	i1l660
   285     002B                     u6_20:
   286     002B                     i1l656:
   287                           
   288                           ;PORTB_KESME.c: 20:     {
   289     002B  1405               	bsf	5,0	;volatile
   290     002C                     i1l658:
   291                           
   292                           ;PORTB_KESME.c: 21:         RB1=0;_delay((unsigned long)((1000)*(4000000/4000.0)));
   293     002C  300B               	movlw	11
   294     002D  008E               	movwf	??_KESME+2
   295     002E  3026               	movlw	38
   296     002F  008D               	movwf	??_KESME+1
   297     0030  305D               	movlw	93
   298     0031  008C               	movwf	??_KESME
   299     0032                     u9_27:
   300     0032  0B8C               	decfsz	??_KESME,f
   301     0033  2832               	goto	u9_27
   302     0034  0B8D               	decfsz	??_KESME+1,f
   303     0035  2832               	goto	u9_27
   304     0036  0B8E               	decfsz	??_KESME+2,f
   305     0037  2832               	goto	u9_27
   306     0038  2839               	nop2
   307     0039                     i1l660:
   308                           
   309                           ;PORTB_KESME.c: 24: }
   310     0039  100B               	bcf	11,0	;volatile
   311     003A                     i1l662:
   312     003A  1283               	bcf	3,5	;RP0=0, select bank0
   313     003B  1005               	bcf	5,0	;volatile
   314     003C                     i1l32:
   315     003C  0810               	movf	??_KESME+4,w
   316     003D  008A               	movwf	10
   317     003E  0E0F               	swapf	??_KESME+3,w
   318     003F  0083               	movwf	3
   319     0040  0ECE               	swapf	btemp,f
   320     0041  0E4E               	swapf	btemp,w
   321     0042  0009               	retfie
   322     0043                     __end_of_KESME:
   323     004E                     btemp	set	78	;btemp
   324     004E                     wtemp0	set	78
   325                           
   326                           	psect	intentry
   327     0004                     __pintentry:	
   328                           ;incstack = 0
   329                           ; Regs used in _KESME: [wreg+status,2+status,0]
   330                           
   331     0004                     interrupt_function:
   332     004E                     saved_w	set	btemp
   333     0004  00CE               	movwf	btemp
   334     0005  0E03               	swapf	3,w
   335     0006  1283               	bcf	3,5	;RP0=0, select bank0
   336     0007  008F               	movwf	??_KESME+3
   337     0008  080A               	movf	10,w
   338     0009  0090               	movwf	??_KESME+4
   339     000A  280E               	ljmp	_KESME
   340                           
   341                           	psect	idloc
   342                           
   343                           ;Config register IDLOC0 @ 0x2000
   344                           ;	unspecified, using default values
   345     2000                     	org	8192
   346     2000  3FFF               	dw	16383
   347                           
   348                           ;Config register IDLOC1 @ 0x2001
   349                           ;	unspecified, using default values
   350     2001                     	org	8193
   351     2001  3FFF               	dw	16383
   352                           
   353                           ;Config register IDLOC2 @ 0x2002
   354                           ;	unspecified, using default values
   355     2002                     	org	8194
   356     2002  3FFF               	dw	16383
   357                           
   358                           ;Config register IDLOC3 @ 0x2003
   359                           ;	unspecified, using default values
   360     2003                     	org	8195
   361     2003  3FFF               	dw	16383
   362                           
   363                           	psect	config
   364                           
   365                           ;Config register CONFIG @ 0x2007
   366                           ;	Oscillator Selection bits
   367                           ;	FOSC = EXTRC, RC oscillator
   368                           ;	Watchdog Timer
   369                           ;	WDTE = OFF, WDT disabled
   370                           ;	Power-up Timer Enable bit
   371                           ;	PWRTE = OFF, Power-up Timer is disabled
   372                           ;	Code Protection bit
   373                           ;	CP = OFF, Code protection disabled
   374     2007                     	org	8199
   375     2007  3FFB               	dw	16379

Data Sizes:
    Strings     0
    Constant    0
    Data        0
    BSS         0
    Persistent  0
    Stack       0

Auto Spaces:
    Space          Size  Autos    Used
    COMMON            0      0       0
    BANK0            66      8       8

Pointer List with Targets:

    None.

Critical Paths under _main in COMMON

    None.

Critical Paths under _KESME in COMMON

    None.

Critical Paths under _main in BANK0

    None.

Critical Paths under _KESME in BANK0

    None.

Call Graph Tables:

 ---------------------------------------------------------------------------------
 (Depth) Function   	        Calls       Base Space   Used Autos Params    Refs
 ---------------------------------------------------------------------------------
 (0) _main                                                 3     3      0       0
                                              5 BANK0      3     3      0
 ---------------------------------------------------------------------------------
 Estimated maximum stack depth 0
 ---------------------------------------------------------------------------------
 (Depth) Function   	        Calls       Base Space   Used Autos Params    Refs
 ---------------------------------------------------------------------------------
 (1) _KESME                                                5     5      0       0
                                              0 BANK0      5     5      0
 ---------------------------------------------------------------------------------
 Estimated maximum stack depth 1
 ---------------------------------------------------------------------------------

 Call Graph Graphs:

 _main (ROOT)

 _KESME (ROOT)

 Address spaces:
Name               Size   Autos  Total    Cost      Usage
BITCOMMON            0      0       0       0        0.0%
EEDATA              40      0       0       0        0.0%
NULL                 0      0       0       0        0.0%
CODE                 0      0       0       0        0.0%
BITSFR0              0      0       0       1        0.0%
SFR0                 0      0       0       1        0.0%
COMMON               0      0       0       1        0.0%
BITSFR1              0      0       0       2        0.0%
SFR1                 0      0       0       2        0.0%
STACK                0      0       0       2        0.0%
BANK0               42      8       8       3       12.1%
ABS                  0      0       0       4        0.0%
BITBANK0            42      0       0       5        0.0%
DATA                 0      0       0       6        0.0%


Microchip Technology PIC Macro Assembler V2.41 build 20230208172133 
Symbol Table                                                                                   Sun Sep 24 13:11:21 2023

                     u77 0053                       u87 0062                      l670 0049  
                    l672 004B                      l664 0043                      l674 005A  
                    l666 0045                      l668 0048                      _GIE 005F  
                    _RA0 0028                      _RB1 0031                      _RB4 0034  
                    _RB5 0035                      _RB6 0036                      _RB7 0037  
                   _RBIE 005B                     i1l32 003C                     _RBIF 0058  
                   u4_20 0013                     u4_21 0011                     u4_22 0014  
                   u5_20 0024                     u5_21 0022                     u5_22 0025  
                   u6_20 002B                     u6_21 002A                     u9_27 0032  
                   _main 0043                     btemp 004E                     start 000B  
                  ?_main 000C                    _KESME 000E                    i1l660 0039  
                  i1l662 003A                    i1l654 000E                    i1l656 002B  
                  i1l658 002C                    _PORTA 0005                    _TRISA 0085  
                  _TRISB 0086                    pclath 000A                    status 0003  
                  wtemp0 004E          __initialization 000C             __end_of_main 006B  
                 ??_main 0011                   ?_KESME 000C                   saved_w 004E  
__end_of__initialization 000C            __end_of_KESME 0043                  ??_KESME 000C  
             __pmaintext 0043               __pintentry 0004                  __ptext1 000E  
   end_of_initialization 000C      start_initialization 000C                ___latbits 0000  
          __pcstackBANK0 000C        interrupt_function 0004                 intlevel1 0000  
