

Microchip MPLAB XC8 Assembler V2.41 build 20230208172133 
                                                                                               Wed Apr 05 14:45:47 2023

Microchip MPLAB XC8 C Compiler v2.41 (Free license) build 20230208172133 Og1 
     1                           	processor	16F84A
     2                           	pagewidth 120
     3                           	opt	flic
     4                           	psect	cinit,global,class=CODE,merge=1,delta=2
     5                           	psect	cstackBANK0,global,class=BANK0,space=1,delta=1,noexec
     6                           	psect	maintext,global,class=CODE,split=1,delta=2
     7                           	psect	text1,local,class=CODE,merge=1,delta=2
     8                           	psect	intentry,global,class=CODE,delta=2
     9                           	psect	idloc,global,abs,ovrld,class=IDLOC,space=5,delta=2,noexec
    10                           	psect	config,global,abs,ovrld,class=CONFIG,space=4,delta=2,noexec
    11                           	dabs	1,0x4E,2
    12     0000                     
    13                           ; Version 2.40
    14                           ; Generated 17/11/2021 GMT
    15                           ; 
    16                           ; Copyright © 2021, Microchip Technology Inc. and its subsidiaries ("Microchip")
    17                           ; All rights reserved.
    18                           ; 
    19                           ; This software is developed by Microchip Technology Inc. and its subsidiaries ("Microch
      +                          ip").
    20                           ; 
    21                           ; Redistribution and use in source and binary forms, with or without modification, are
    22                           ; permitted provided that the following conditions are met:
    23                           ; 
    24                           ;     1. Redistributions of source code must retain the above copyright notice, this lis
      +                          t of
    25                           ;        conditions and the following disclaimer.
    26                           ; 
    27                           ;     2. Redistributions in binary form must reproduce the above copyright notice, this 
      +                          list
    28                           ;        of conditions and the following disclaimer in the documentation and/or other
    29                           ;        materials provided with the distribution. Publication is not required when
    30                           ;        this file is used in an embedded application.
    31                           ; 
    32                           ;     3. Microchip's name may not be used to endorse or promote products derived from th
      +                          is
    33                           ;        software without specific prior written permission.
    34                           ; 
    35                           ; THIS SOFTWARE IS PROVIDED BY MICROCHIP "AS IS" AND ANY EXPRESS OR IMPLIED WARRANTIES,
    36                           ; INCLUDING, BUT NOT LIMITED TO, THE IMPLIED WARRANTIES OF MERCHANTABILITY AND FITNESS F
      +                          OR
    37                           ; PURPOSE ARE DISCLAIMED.  IN NO EVENT SHALL MICROCHIP BE LIABLE FOR ANY DIRECT, INDIREC
      +                          T,
    38                           ; INCIDENTAL, SPECIAL, EXEMPLARY, OR CONSEQUENTIAL DAMAGES (INCLUDING BUT NOT LIMITED TO
    39                           ; PROCUREMENT OF SUBSTITUTE GOODS OR SERVICES; LOSS OF USE, DATA OR PROFITS; OR BUSINESS
    40                           ; INTERRUPTION) HOWSOEVER CAUSED AND ON ANY THEORY OF LIABILITY, WHETHER IN CONTRACT, ST
      +                          RICT
    41                           ; LIABILITY, OR TORT (INCLUDING NEGLIGENCE OR OTHERWISE) ARISING IN ANY WAY OUT OF THE U
      +                          SE OF
    42                           ; THIS SOFTWARE, EVEN IF ADVISED OF THE POSSIBILITY OF SUCH DAMAGE.
    43                           ; 
    44                           ; 
    45                           ; Code-generator required, PIC16F84A Definitions
    46                           ; 
    47                           ; SFR Addresses
    48     0000                     	;# 
    49     0001                     	;# 
    50     0002                     	;# 
    51     0003                     	;# 
    52     0004                     	;# 
    53     0005                     	;# 
    54     0006                     	;# 
    55     0008                     	;# 
    56     0009                     	;# 
    57     000A                     	;# 
    58     000B                     	;# 
    59     0081                     	;# 
    60     0085                     	;# 
    61     0086                     	;# 
    62     0088                     	;# 
    63     0089                     	;# 
    64     0000                     	;# 
    65     0001                     	;# 
    66     0002                     	;# 
    67     0003                     	;# 
    68     0004                     	;# 
    69     0005                     	;# 
    70     0006                     	;# 
    71     0008                     	;# 
    72     0009                     	;# 
    73     000A                     	;# 
    74     000B                     	;# 
    75     0081                     	;# 
    76     0085                     	;# 
    77     0086                     	;# 
    78     0088                     	;# 
    79     0089                     	;# 
    80     0005                     _PORTA	set	5
    81     0032                     _RB2	set	50
    82     0031                     _RB1	set	49
    83     005C                     _INTE	set	92
    84     005F                     _GIE	set	95
    85     0059                     _INTF	set	89
    86     0085                     _TRISA	set	133
    87     0086                     _TRISB	set	134
    88                           
    89                           	psect	cinit
    90     000C                     start_initialization:	
    91                           ; #config settings
    92                           
    93     000C                     __initialization:
    94     000C                     end_of_initialization:	
    95                           ;End of C runtime variable initialization code
    96                           
    97     000C                     __end_of__initialization:
    98     000C  0183               	clrf	3
    99     000D  280E               	ljmp	_main	;jump to C main() function
   100                           
   101                           	psect	cstackBANK0
   102     000C                     __pcstackBANK0:
   103     000C                     ?_KESME:
   104     000C                     ??_KESME:	
   105                           ; 1 bytes @ 0x0
   106                           
   107     000C                     ?_main:	
   108                           ; 1 bytes @ 0x0
   109                           
   110                           
   111                           ; 1 bytes @ 0x0
   112     000C                     	ds	5
   113     0011                     ??_main:
   114                           
   115                           ; 1 bytes @ 0x5
   116     0011                     	ds	3
   117                           
   118                           	psect	maintext
   119     000E                     __pmaintext:	
   120 ;;
   121 ;;Main: autosize = 0, tempsize = 3, incstack = 0, save=0
   122 ;;
   123 ;; *************** function _main *****************
   124 ;; Defined at:
   125 ;;		line 22 in file "RB0_Interrupts.c"
   126 ;; Parameters:    Size  Location     Type
   127 ;;		None
   128 ;; Auto vars:     Size  Location     Type
   129 ;;		None
   130 ;; Return value:  Size  Location     Type
   131 ;;                  1    wreg      void 
   132 ;; Registers used:
   133 ;;		wreg, status,2
   134 ;; Tracked objects:
   135 ;;		On entry : B00/0
   136 ;;		On exit  : 0/0
   137 ;;		Unchanged: 0/0
   138 ;; Data sizes:     COMMON   BANK0
   139 ;;      Params:         0       0
   140 ;;      Locals:         0       0
   141 ;;      Temps:          0       3
   142 ;;      Totals:         0       3
   143 ;;Total ram usage:        3 bytes
   144 ;; Hardware stack levels required when called: 1
   145 ;; This function calls:
   146 ;;		Nothing
   147 ;; This function is called by:
   148 ;;		Startup code after reset
   149 ;; This function uses a non-reentrant model
   150 ;;
   151                           
   152     000E                     _main:	
   153                           ;psect for function _main
   154                           
   155     000E                     l656:	
   156                           ;incstack = 0
   157                           ; Regs used in _main: [wreg+status,2]
   158                           
   159                           
   160                           ;RB0_Interrupts.c: 24:         RB2=0;_delay((unsigned long)((1000)*(4000000/4000.0)));
   161     000E  178B               	bsf	11,7	;volatile
   162                           
   163                           ;RB0_Interrupts.c: 25:         RB2=1;_delay((unsigned long)((1000)*(4000000/4000.0)));
   164     000F  160B               	bsf	11,4	;volatile
   165     0010                     l658:
   166                           
   167                           ;RB0_Interrupts.c: 26:     }
   168     0010  3001               	movlw	1
   169     0011  1683               	bsf	3,5	;RP0=1, select bank1
   170     0012  0086               	movwf	6	;volatile
   171     0013                     l660:
   172                           
   173                           ;RB0_Interrupts.c: 27: }
   174     0013  0185               	clrf	5	;volatile
   175     0014                     l662:
   176     0014  1283               	bcf	3,5	;RP0=0, select bank0
   177     0015  0185               	clrf	5	;volatile
   178     0016                     l664:
   179     0016  1283               	bcf	3,5	;RP0=0, select bank0
   180     0017  1086               	bcf	6,1	;volatile
   181     0018  3006               	movlw	6
   182     0019  0093               	movwf	??_main+2
   183     001A  3013               	movlw	19
   184     001B  0092               	movwf	??_main+1
   185     001C  30AD               	movlw	173
   186     001D  0091               	movwf	??_main
   187     001E                     u37:
   188     001E  0B91               	decfsz	??_main,f
   189     001F  281E               	goto	u37
   190     0020  0B92               	decfsz	??_main+1,f
   191     0021  281E               	goto	u37
   192     0022  0B93               	decfsz	??_main+2,f
   193     0023  281E               	goto	u37
   194     0024  2825               	nop2
   195     0025                     l666:
   196     0025  1283               	bcf	3,5	;RP0=0, select bank0
   197     0026  1486               	bsf	6,1	;volatile
   198     0027  3006               	movlw	6
   199     0028  0093               	movwf	??_main+2
   200     0029  3013               	movlw	19
   201     002A  0092               	movwf	??_main+1
   202     002B  30AD               	movlw	173
   203     002C  0091               	movwf	??_main
   204     002D                     u47:
   205     002D  0B91               	decfsz	??_main,f
   206     002E  282D               	goto	u47
   207     002F  0B92               	decfsz	??_main+1,f
   208     0030  282D               	goto	u47
   209     0031  0B93               	decfsz	??_main+2,f
   210     0032  282D               	goto	u47
   211     0033  2834               	nop2
   212     0034                     l668:
   213     0034  1283               	bcf	3,5	;RP0=0, select bank0
   214     0035  1106               	bcf	6,2	;volatile
   215     0036  3006               	movlw	6
   216     0037  0093               	movwf	??_main+2
   217     0038  3013               	movlw	19
   218     0039  0092               	movwf	??_main+1
   219     003A  30AD               	movlw	173
   220     003B  0091               	movwf	??_main
   221     003C                     u57:
   222     003C  0B91               	decfsz	??_main,f
   223     003D  283C               	goto	u57
   224     003E  0B92               	decfsz	??_main+1,f
   225     003F  283C               	goto	u57
   226     0040  0B93               	decfsz	??_main+2,f
   227     0041  283C               	goto	u57
   228     0042  2843               	nop2
   229     0043                     l670:
   230     0043  1283               	bcf	3,5	;RP0=0, select bank0
   231     0044  1506               	bsf	6,2	;volatile
   232     0045  3006               	movlw	6
   233     0046  0093               	movwf	??_main+2
   234     0047  3013               	movlw	19
   235     0048  0092               	movwf	??_main+1
   236     0049  30AD               	movlw	173
   237     004A  0091               	movwf	??_main
   238     004B                     u67:
   239     004B  0B91               	decfsz	??_main,f
   240     004C  284B               	goto	u67
   241     004D  0B92               	decfsz	??_main+1,f
   242     004E  284B               	goto	u67
   243     004F  0B93               	decfsz	??_main+2,f
   244     0050  284B               	goto	u67
   245     0051  2852               	nop2
   246     0052  2816               	goto	l664
   247     0053  280B               	ljmp	start
   248     0054                     __end_of_main:
   249                           
   250                           	psect	text1
   251     0054                     __ptext1:	
   252 ;; *************** function _KESME *****************
   253 ;; Defined at:
   254 ;;		line 11 in file "RB0_Interrupts.c"
   255 ;; Parameters:    Size  Location     Type
   256 ;;		None
   257 ;; Auto vars:     Size  Location     Type
   258 ;;		None
   259 ;; Return value:  Size  Location     Type
   260 ;;                  1    wreg      void 
   261 ;; Registers used:
   262 ;;		wreg, status,2
   263 ;; Tracked objects:
   264 ;;		On entry : 0/0
   265 ;;		On exit  : 0/0
   266 ;;		Unchanged: 0/0
   267 ;; Data sizes:     COMMON   BANK0
   268 ;;      Params:         0       0
   269 ;;      Locals:         0       0
   270 ;;      Temps:          0       5
   271 ;;      Totals:         0       5
   272 ;;Total ram usage:        5 bytes
   273 ;; Hardware stack levels used: 1
   274 ;; This function calls:
   275 ;;		Nothing
   276 ;; This function is called by:
   277 ;;		Interrupt level 1
   278 ;; This function uses a non-reentrant model
   279 ;;
   280                           
   281     0054                     _KESME:	
   282                           ;psect for function _KESME
   283                           
   284     0054                     i1l648:
   285                           
   286                           ;RB0_Interrupts.c: 13: void main(void) {
   287     0054  1C8B               	btfss	11,1	;volatile
   288     0055  2857               	goto	u2_21
   289     0056  2858               	goto	u2_20
   290     0057                     u2_21:
   291     0057  2867               	goto	i1l652
   292     0058                     u2_20:
   293     0058                     i1l650:
   294                           
   295                           ;RB0_Interrupts.c: 14: 
   296     0058  3001               	movlw	1
   297     0059  0085               	movwf	5	;volatile
   298                           
   299                           ;RB0_Interrupts.c: 15:     GIE=1;
   300     005A  300B               	movlw	11
   301     005B  008E               	movwf	??_KESME+2
   302     005C  3026               	movlw	38
   303     005D  008D               	movwf	??_KESME+1
   304     005E  305D               	movlw	93
   305     005F  008C               	movwf	??_KESME
   306     0060                     u7_27:
   307     0060  0B8C               	decfsz	??_KESME,f
   308     0061  2860               	goto	u7_27
   309     0062  0B8D               	decfsz	??_KESME+1,f
   310     0063  2860               	goto	u7_27
   311     0064  0B8E               	decfsz	??_KESME+2,f
   312     0065  2860               	goto	u7_27
   313     0066  2867               	nop2
   314     0067                     i1l652:
   315                           
   316                           ;RB0_Interrupts.c: 18:     TRISA=0;
   317     0067  108B               	bcf	11,1	;volatile
   318     0068                     i1l654:
   319                           
   320                           ;RB0_Interrupts.c: 19:     PORTA=0;
   321     0068  1283               	bcf	3,5	;RP0=0, select bank0
   322     0069  0185               	clrf	5	;volatile
   323     006A                     i1l24:
   324     006A  0810               	movf	??_KESME+4,w
   325     006B  008A               	movwf	10
   326     006C  0E0F               	swapf	??_KESME+3,w
   327     006D  0083               	movwf	3
   328     006E  0ECE               	swapf	btemp,f
   329     006F  0E4E               	swapf	btemp,w
   330     0070  0009               	retfie
   331     0071                     __end_of_KESME:
   332     004E                     btemp	set	78	;btemp
   333     004E                     wtemp0	set	78
   334                           
   335                           	psect	intentry
   336     0004                     __pintentry:	
   337                           ;incstack = 0
   338                           ; Regs used in _KESME: [wreg+status,2]
   339                           
   340     0004                     interrupt_function:
   341     004E                     saved_w	set	btemp
   342     0004  00CE               	movwf	btemp
   343     0005  0E03               	swapf	3,w
   344     0006  1283               	bcf	3,5	;RP0=0, select bank0
   345     0007  008F               	movwf	??_KESME+3
   346     0008  080A               	movf	10,w
   347     0009  0090               	movwf	??_KESME+4
   348     000A  2854               	ljmp	_KESME
   349                           
   350                           	psect	idloc
   351                           
   352                           ;Config register IDLOC0 @ 0x2000
   353                           ;	unspecified, using default values
   354     2000                     	org	8192
   355     2000  3FFF               	dw	16383
   356                           
   357                           ;Config register IDLOC1 @ 0x2001
   358                           ;	unspecified, using default values
   359     2001                     	org	8193
   360     2001  3FFF               	dw	16383
   361                           
   362                           ;Config register IDLOC2 @ 0x2002
   363                           ;	unspecified, using default values
   364     2002                     	org	8194
   365     2002  3FFF               	dw	16383
   366                           
   367                           ;Config register IDLOC3 @ 0x2003
   368                           ;	unspecified, using default values
   369     2003                     	org	8195
   370     2003  3FFF               	dw	16383
   371                           
   372                           	psect	config
   373                           
   374                           ;Config register CONFIG @ 0x2007
   375                           ;	Oscillator Selection bits
   376                           ;	FOSC = EXTRC, RC oscillator
   377                           ;	Watchdog Timer
   378                           ;	WDTE = OFF, WDT disabled
   379                           ;	Power-up Timer Enable bit
   380                           ;	PWRTE = OFF, Power-up Timer is disabled
   381                           ;	Code Protection bit
   382                           ;	CP = OFF, Code protection disabled
   383     2007                     	org	8199
   384     2007  3FFB               	dw	16379

Data Sizes:
    Strings     0
    Constant    0
    Data        0
    BSS         0
    Persistent  0
    Stack       0

Auto Spaces:
    Space          Size  Autos    Used
    COMMON            0      0       0
    BANK0            66      8       8

Pointer List with Targets:

    None.

Critical Paths under _main in COMMON

    None.

Critical Paths under _KESME in COMMON

    None.

Critical Paths under _main in BANK0

    None.

Critical Paths under _KESME in BANK0

    None.

Call Graph Tables:

 ---------------------------------------------------------------------------------
 (Depth) Function   	        Calls       Base Space   Used Autos Params    Refs
 ---------------------------------------------------------------------------------
 (0) _main                                                 3     3      0       0
                                              5 BANK0      3     3      0
 ---------------------------------------------------------------------------------
 Estimated maximum stack depth 0
 ---------------------------------------------------------------------------------
 (Depth) Function   	        Calls       Base Space   Used Autos Params    Refs
 ---------------------------------------------------------------------------------
 (1) _KESME                                                5     5      0       0
                                              0 BANK0      5     5      0
 ---------------------------------------------------------------------------------
 Estimated maximum stack depth 1
 ---------------------------------------------------------------------------------

 Call Graph Graphs:

 _main (ROOT)

 _KESME (ROOT)

 Address spaces:
Name               Size   Autos  Total    Cost      Usage
BITCOMMON            0      0       0       0        0.0%
EEDATA              40      0       0       0        0.0%
NULL                 0      0       0       0        0.0%
CODE                 0      0       0       0        0.0%
BITSFR0              0      0       0       1        0.0%
SFR0                 0      0       0       1        0.0%
COMMON               0      0       0       1        0.0%
BITSFR1              0      0       0       2        0.0%
SFR1                 0      0       0       2        0.0%
STACK                0      0       0       2        0.0%
BANK0               42      8       8       3       12.1%
ABS                  0      0       0       4        0.0%
BITBANK0            42      0       0       5        0.0%
DATA                 0      0       0       6        0.0%


Microchip Technology PIC Macro Assembler V2.41 build 20230208172133 
Symbol Table                                                                                   Wed Apr 05 14:45:47 2023

                     u37 001E                       u47 002D                       u57 003C  
                     u67 004B                      l660 0013                      l670 0043  
                    l662 0014                      l664 0016                      l656 000E  
                    l666 0025                      l658 0010                      l668 0034  
                    _GIE 005F                      _RB1 0031                      _RB2 0032  
                   _INTE 005C                     _INTF 0059                     i1l24 006A  
                   u2_20 0058                     u2_21 0057                     u7_27 0060  
                   _main 000E                     btemp 004E                     start 000B  
                  ?_main 000C                    _KESME 0054                    i1l650 0058  
                  i1l652 0067                    i1l654 0068                    i1l648 0054  
                  _PORTA 0005                    _TRISA 0085                    _TRISB 0086  
                  pclath 000A                    status 0003                    wtemp0 004E  
        __initialization 000C             __end_of_main 0054                   ??_main 0011  
                 ?_KESME 000C                   saved_w 004E  __end_of__initialization 000C  
          __end_of_KESME 0071                  ??_KESME 000C               __pmaintext 000E  
             __pintentry 0004                  __ptext1 0054     end_of_initialization 000C  
    start_initialization 000C                ___latbits 0000            __pcstackBANK0 000C  
      interrupt_function 0004                 intlevel1 0000  
